\BOOKMARK [1][-]{section*.1}{Line element}{}% 1
\BOOKMARK [1][-]{section*.2}{Geodesic equation}{}% 2
\BOOKMARK [1][-]{section*.3}{Lorentz transformations}{}% 3
\BOOKMARK [1][-]{section*.4}{Tensors}{}% 4
\BOOKMARK [1][-]{section*.5}{Levi-Civita}{}% 5
\BOOKMARK [1][-]{section*.6}{Einstein Equation}{}% 6
\BOOKMARK [1][-]{section*.7}{Schwarzschild metric}{}% 7
\BOOKMARK [1][-]{section*.8}{Eddington-Finkelstein coordinates}{}% 8
\BOOKMARK [1][-]{section*.9}{Kruskal coordinates}{}% 9
\BOOKMARK [1][-]{section*.10}{Penrose/Kruskal diagrams}{}% 10
\BOOKMARK [1][-]{section*.11}{Thermodynamics}{}% 11
\BOOKMARK [1][-]{section*.12}{Killing vectors}{}% 12
\BOOKMARK [1][-]{section*.13}{Geodesic deviation}{}% 13
\BOOKMARK [1][-]{section*.14}{Metric of a star}{}% 14
\BOOKMARK [1][-]{section*.15}{Charged BH}{}% 15
\BOOKMARK [1][-]{section*.16}{Rotating BH}{}% 16
\BOOKMARK [1][-]{section*.17}{Equivalence principle}{}% 17
\BOOKMARK [2][-]{section*.18}{Weak}{section*.17}% 18
\BOOKMARK [3][-]{section*.19}{Tests}{section*.18}% 19
\BOOKMARK [2][-]{section*.20}{Einstein}{section*.17}% 20
\BOOKMARK [3][-]{section*.21}{Tests}{section*.20}% 21
\BOOKMARK [2][-]{section*.22}{Strong}{section*.17}% 22
\BOOKMARK [3][-]{section*.23}{Tests}{section*.22}% 23
\BOOKMARK [1][-]{section*.24}{Experimental tests}{}% 24
\BOOKMARK [1][-]{section*.25}{Weak limit}{}% 25
\BOOKMARK [1][-]{section*.26}{Differential geometry}{}% 26
\BOOKMARK [1][-]{section*.27}{Einstein Hilbert action}{}% 27
\BOOKMARK [1][-]{section*.28}{Weyl tensor}{}% 28
\BOOKMARK [1][-]{section*.29}{Christoffel symbols}{}% 29
\BOOKMARK [1][-]{section*.30}{Lagrange}{}% 30
\BOOKMARK [1][-]{section*.31}{Riemann/Ricci tensor/scalar}{}% 31
\BOOKMARK [1][-]{section*.32}{Four velocity/momentum}{}% 32
\BOOKMARK [1][-]{section*.33}{Energy momentum tensor}{}% 33
\BOOKMARK [1][-]{section*.34}{Linearized gravity}{}% 34
\BOOKMARK [1][-]{section*.35}{Newtonian fields and photon trajectories}{}% 35
\BOOKMARK [1][-]{section*.36}{Gravitational waves}{}% 36
\BOOKMARK [1][-]{section*.37}{Cosmology}{}% 37
