This is pdfTeX, Version 3.1415926-2.5-1.40.14 (MiKTeX 2.9) (preloaded format=pdflatex 2014.5.9)  10 MAY 2015 16:20
entering extended mode
**Andreas_Ellewsen_Report2.tex
(W:\privat\sem6\AST3310\Project2\Andreas_Ellewsen_Report2.tex
LaTeX2e <2011/06/27>
Babel <v3.8m> and hyphenation patterns for english, afrikaans, ancientgreek, ar
abic, armenian, assamese, basque, bengali, bokmal, bulgarian, catalan, coptic, 
croatian, czech, danish, dutch, esperanto, estonian, farsi, finnish, french, ga
lician, german, german-x-2013-05-26, greek, gujarati, hindi, hungarian, iceland
ic, indonesian, interlingua, irish, italian, kannada, kurmanji, latin, latvian,
 lithuanian, malayalam, marathi, mongolian, mongolianlmc, monogreek, ngerman, n
german-x-2013-05-26, nynorsk, oriya, panjabi, pinyin, polish, portuguese, roman
ian, russian, sanskrit, serbian, slovak, slovenian, spanish, swedish, swissgerm
an, tamil, telugu, turkish, turkmen, ukenglish, ukrainian, uppersorbian, usengl
ishmax, welsh, loaded.
("C:\Program Files (x86)\MiKTeX 2.9\tex\latex\base\article.cls"
Document Class: article 2007/10/19 v1.4h Standard LaTeX document class
("C:\Program Files (x86)\MiKTeX 2.9\tex\latex\base\size12.clo"
File: size12.clo 2007/10/19 v1.4h Standard LaTeX file (size option)
)
\c@part=\count79
\c@section=\count80
\c@subsection=\count81
\c@subsubsection=\count82
\c@paragraph=\count83
\c@subparagraph=\count84
\c@figure=\count85
\c@table=\count86
\abovecaptionskip=\skip41
\belowcaptionskip=\skip42
\bibindent=\dimen102
)
("C:\Program Files (x86)\MiKTeX 2.9\tex\latex\base\inputenc.sty"
Package: inputenc 2008/03/30 v1.1d Input encoding file
\inpenc@prehook=\toks14
\inpenc@posthook=\toks15

("C:\Program Files (x86)\MiKTeX 2.9\tex\latex\ucs\utf8x.def"
File: utf8x.def 2004/10/17 UCS: Input encoding UTF-8
))
("C:\Program Files (x86)\MiKTeX 2.9\tex\latex\ucs\ucs.sty"
Package: ucs 2013/05/11 v2.2 UCS: Unicode input support

("C:\Program Files (x86)\MiKTeX 2.9\tex\latex\ucs\uni-global.def"
File: uni-global.def 2013/05/13 UCS: Unicode global data
)
\uc@secondtry=\count87
\uc@combtoks=\toks16
\uc@combtoksb=\toks17
\uc@temptokena=\toks18
)
("C:\Program Files (x86)\MiKTeX 2.9\tex\latex\wrapfig\wrapfig.sty"
\wrapoverhang=\dimen103
\WF@size=\dimen104
\c@WF@wrappedlines=\count88
\WF@box=\box26
\WF@everypar=\toks19
Package: wrapfig 2003/01/31  v 3.6
)
("C:\Program Files (x86)\MiKTeX 2.9\tex\latex\graphics\graphicx.sty"
Package: graphicx 1999/02/16 v1.0f Enhanced LaTeX Graphics (DPC,SPQR)

("C:\Program Files (x86)\MiKTeX 2.9\tex\latex\graphics\keyval.sty"
Package: keyval 1999/03/16 v1.13 key=value parser (DPC)
\KV@toks@=\toks20
)
("C:\Program Files (x86)\MiKTeX 2.9\tex\latex\graphics\graphics.sty"
Package: graphics 2009/02/05 v1.0o Standard LaTeX Graphics (DPC,SPQR)

("C:\Program Files (x86)\MiKTeX 2.9\tex\latex\graphics\trig.sty"
Package: trig 1999/03/16 v1.09 sin cos tan (DPC)
)
("C:\Program Files (x86)\MiKTeX 2.9\tex\latex\00miktex\graphics.cfg"
File: graphics.cfg 2007/01/18 v1.5 graphics configuration of teTeX/TeXLive
)
Package graphics Info: Driver file: pdftex.def on input line 91.

("C:\Program Files (x86)\MiKTeX 2.9\tex\latex\pdftex-def\pdftex.def"
File: pdftex.def 2011/05/27 v0.06d Graphics/color for pdfTeX

("C:\Program Files (x86)\MiKTeX 2.9\tex\generic\oberdiek\infwarerr.sty"
Package: infwarerr 2010/04/08 v1.3 Providing info/warning/error messages (HO)
)
("C:\Program Files (x86)\MiKTeX 2.9\tex\generic\oberdiek\ltxcmds.sty"
Package: ltxcmds 2011/11/09 v1.22 LaTeX kernel commands for general use (HO)
)
\Gread@gobject=\count89
))
\Gin@req@height=\dimen105
\Gin@req@width=\dimen106
)
("C:\Program Files (x86)\MiKTeX 2.9\tex\latex\float\float.sty"
Package: float 2001/11/08 v1.3d Float enhancements (AL)
\c@float@type=\count90
\float@exts=\toks21
\float@box=\box27
\@float@everytoks=\toks22
\@floatcapt=\box28
)
("C:\Program Files (x86)\MiKTeX 2.9\tex\latex\listings\listings.sty"
\lst@mode=\count91
\lst@gtempboxa=\box29
\lst@token=\toks23
\lst@length=\count92
\lst@currlwidth=\dimen107
\lst@column=\count93
\lst@pos=\count94
\lst@lostspace=\dimen108
\lst@width=\dimen109
\lst@newlines=\count95
\lst@lineno=\count96
\lst@maxwidth=\dimen110

("C:\Program Files (x86)\MiKTeX 2.9\tex\latex\listings\lstmisc.sty"
File: lstmisc.sty 2014/03/04 1.5c (Carsten Heinz)
\c@lstnumber=\count97
\lst@skipnumbers=\count98
\lst@framebox=\box30
)
("C:\Program Files (x86)\MiKTeX 2.9\tex\latex\listings\listings.cfg"
File: listings.cfg 2014/03/04 1.5c listings configuration
))
Package: listings 2014/03/04 1.5c (Carsten Heinz)

("C:\Program Files (x86)\MiKTeX 2.9\tex\latex\amsmath\amsmath.sty"
Package: amsmath 2013/01/14 v2.14 AMS math features
\@mathmargin=\skip43

For additional information on amsmath, use the `?' option.
("C:\Program Files (x86)\MiKTeX 2.9\tex\latex\amsmath\amstext.sty"
Package: amstext 2000/06/29 v2.01

("C:\Program Files (x86)\MiKTeX 2.9\tex\latex\amsmath\amsgen.sty"
File: amsgen.sty 1999/11/30 v2.0
\@emptytoks=\toks24
\ex@=\dimen111
))
("C:\Program Files (x86)\MiKTeX 2.9\tex\latex\amsmath\amsbsy.sty"
Package: amsbsy 1999/11/29 v1.2d
\pmbraise@=\dimen112
)
("C:\Program Files (x86)\MiKTeX 2.9\tex\latex\amsmath\amsopn.sty"
Package: amsopn 1999/12/14 v2.01 operator names
)
\inf@bad=\count99
LaTeX Info: Redefining \frac on input line 210.
\uproot@=\count100
\leftroot@=\count101
LaTeX Info: Redefining \overline on input line 306.
\classnum@=\count102
\DOTSCASE@=\count103
LaTeX Info: Redefining \ldots on input line 378.
LaTeX Info: Redefining \dots on input line 381.
LaTeX Info: Redefining \cdots on input line 466.
\Mathstrutbox@=\box31
\strutbox@=\box32
\big@size=\dimen113
LaTeX Font Info:    Redeclaring font encoding OML on input line 566.
LaTeX Font Info:    Redeclaring font encoding OMS on input line 567.
\macc@depth=\count104
\c@MaxMatrixCols=\count105
\dotsspace@=\muskip10
\c@parentequation=\count106
\dspbrk@lvl=\count107
\tag@help=\toks25
\row@=\count108
\column@=\count109
\maxfields@=\count110
\andhelp@=\toks26
\eqnshift@=\dimen114
\alignsep@=\dimen115
\tagshift@=\dimen116
\tagwidth@=\dimen117
\totwidth@=\dimen118
\lineht@=\dimen119
\@envbody=\toks27
\multlinegap=\skip44
\multlinetaggap=\skip45
\mathdisplay@stack=\toks28
LaTeX Info: Redefining \[ on input line 2665.
LaTeX Info: Redefining \] on input line 2666.
)
("C:\Program Files (x86)\MiKTeX 2.9\tex\latex\caption\caption.sty"
Package: caption 2013/05/02 v3.3-89 Customizing captions (AR)

("C:\Program Files (x86)\MiKTeX 2.9\tex\latex\caption\caption3.sty"
Package: caption3 2013/05/02 v1.6-88 caption3 kernel (AR)
Package caption3 Info: TeX engine: e-TeX on input line 57.
\captionmargin=\dimen120
\captionmargin@=\dimen121
\captionwidth=\dimen122
\caption@tempdima=\dimen123
\caption@indent=\dimen124
\caption@parindent=\dimen125
\caption@hangindent=\dimen126
)
\c@ContinuedFloat=\count111
Package caption Info: float package is loaded.
Package caption Info: listings package is loaded.
Package caption Info: wrapfig package is loaded.
)
("C:\Program Files (x86)\MiKTeX 2.9\tex\latex\caption\subcaption.sty"
Package: subcaption 2013/02/03 v1.1-62 Sub-captions (AR)
\c@subfigure=\count112
\c@subtable=\count113
)
("C:\Program Files (x86)\MiKTeX 2.9\tex\latex\xcolor\xcolor.sty"
Package: xcolor 2007/01/21 v2.11 LaTeX color extensions (UK)

("C:\Program Files (x86)\MiKTeX 2.9\tex\latex\00miktex\color.cfg"
File: color.cfg 2007/01/18 v1.5 color configuration of teTeX/TeXLive
)
Package xcolor Info: Package option `usenames' ignored on input line 216.
Package xcolor Info: Driver file: pdftex.def on input line 225.

("C:\Program Files (x86)\MiKTeX 2.9\tex\latex\colortbl\colortbl.sty"
Package: colortbl 2012/02/13 v1.0a Color table columns (DPC)

("C:\Program Files (x86)\MiKTeX 2.9\tex\latex\tools\array.sty"
Package: array 2008/09/09 v2.4c Tabular extension package (FMi)
\col@sep=\dimen127
\extrarowheight=\dimen128
\NC@list=\toks29
\extratabsurround=\skip46
\backup@length=\skip47
)
\everycr=\toks30
\minrowclearance=\skip48
)
\rownum=\count114
Package xcolor Info: Model `cmy' substituted by `cmy0' on input line 1337.
Package xcolor Info: Model `hsb' substituted by `rgb' on input line 1341.
Package xcolor Info: Model `RGB' extended on input line 1353.
Package xcolor Info: Model `HTML' substituted by `rgb' on input line 1355.
Package xcolor Info: Model `Hsb' substituted by `hsb' on input line 1356.
Package xcolor Info: Model `tHsb' substituted by `hsb' on input line 1357.
Package xcolor Info: Model `HSB' substituted by `hsb' on input line 1358.
Package xcolor Info: Model `Gray' substituted by `gray' on input line 1359.
Package xcolor Info: Model `wave' substituted by `hsb' on input line 1360.

("C:\Program Files (x86)\MiKTeX 2.9\tex\latex\graphics\dvipsnam.def"
File: dvipsnam.def 1999/02/16 v3.0i Driver-dependant file (DPC,SPQR)
)
("C:\Program Files (x86)\MiKTeX 2.9\tex\latex\xcolor\svgnam.def"
File: svgnam.def 2007/01/21 v2.11 Predefined colors according to SVG 1.1 (UK)
))
("C:\Program Files (x86)\MiKTeX 2.9\tex\latex\datetime\datetime.sty"
Package: datetime 2013/09/10 v2.59 Date Time Package

("C:\Program Files (x86)\MiKTeX 2.9\tex\latex\etoolbox\etoolbox.sty"
Package: etoolbox 2015/03/19 v2.1d e-TeX tools for LaTeX (JAW)

("C:\Program Files (x86)\MiKTeX 2.9\tex\latex\misc\etex.sty"
Package: etex 1998/03/26 v2.0 eTeX basic definition package (PEB)
\et@xins=\count115
)
\etb@tempcnta=\count116
)
("C:\Program Files (x86)\MiKTeX 2.9\tex\latex\fmtcount\fmtcount.sty"
Package: fmtcount 2014/07/18 v3.00

("C:\Program Files (x86)\MiKTeX 2.9\tex\latex\base\ifthen.sty"
Package: ifthen 2001/05/26 v1.1c Standard LaTeX ifthen package (DPC)
)
("C:\Program Files (x86)\MiKTeX 2.9\tex\latex\fmtcount\fcprefix.sty"
Package: fcprefix 2012/09/28

("C:\Program Files (x86)\MiKTeX 2.9\tex\latex\fmtcount\fcnumparser.sty"
Package: fcnumparser 2012/09/28
\fc@digit@counter=\count117
))
("C:\Program Files (x86)\MiKTeX 2.9\tex\generic\ifxetex\ifxetex.sty"
Package: ifxetex 2010/09/12 v0.6 Provides ifxetex conditional
)
\c@padzeroesN=\count118
\fc@tmpcatcode=\count119
\@DT@modctr=\count120
\@ordinalctr=\count121
\@orgargctr=\count122
\@strctr=\count123
\@tmpstrctr=\count124
\@DT@loopN=\count125
\@DT@X=\count126

("C:\Program Files (x86)\MiKTeX 2.9\tex\latex\fmtcount\fc-english.def"
File: fc-english.def 2013/08/17
))
("C:\Program Files (x86)\MiKTeX 2.9\tex\latex\datetime\datetime-defaults.sty"
Package: datetime-defaults 2013/09/10
)
\@day=\count127
\@month=\count128
\@year=\count129
\c@HOUR=\count130
\c@HOURXII=\count131
\c@MINUTE=\count132
\c@TOHOUR=\count133
\c@TOMINUTE=\count134
\c@SECOND=\count135
\currenthour=\count136
\currentminute=\count137
\currentsecond=\count138
Package datetime Info: No datetime.cfg file found, using default settings on in
put line 308.
\@dtctr=\count139
\dayofyear=\count140
\dayofweek=\count141
LaTeX Info: Redefining \today on input line 736.
\dt@a=\toks31
\dt@b=\toks32
) ("C:\Program Files (x86)\MiKTeX 2.9\tex\latex\fancyhdr\fancyhdr.sty"
\fancy@headwidth=\skip49
\f@ncyO@elh=\skip50
\f@ncyO@erh=\skip51
\f@ncyO@olh=\skip52
\f@ncyO@orh=\skip53
\f@ncyO@elf=\skip54
\f@ncyO@erf=\skip55
\f@ncyO@olf=\skip56
\f@ncyO@orf=\skip57
)
(W:\privat\sem6\AST3310\Project2\Andreas_Ellewsen_Report2.aux)
LaTeX Font Info:    Checking defaults for OML/cmm/m/it on input line 24.
LaTeX Font Info:    ... okay on input line 24.
LaTeX Font Info:    Checking defaults for T1/cmr/m/n on input line 24.
LaTeX Font Info:    ... okay on input line 24.
LaTeX Font Info:    Checking defaults for OT1/cmr/m/n on input line 24.
LaTeX Font Info:    ... okay on input line 24.
LaTeX Font Info:    Checking defaults for OMS/cmsy/m/n on input line 24.
LaTeX Font Info:    ... okay on input line 24.
LaTeX Font Info:    Checking defaults for OMX/cmex/m/n on input line 24.
LaTeX Font Info:    ... okay on input line 24.
LaTeX Font Info:    Checking defaults for U/cmr/m/n on input line 24.
LaTeX Font Info:    ... okay on input line 24.

("C:\Program Files (x86)\MiKTeX 2.9\tex\latex\ucs\ucsencs.def"
File: ucsencs.def 2011/01/21 Fixes to fontencodings LGR, T3
)
("C:\Program Files (x86)\MiKTeX 2.9\tex\context\base\supp-pdf.mkii"
[Loading MPS to PDF converter (version 2006.09.02).]
\scratchcounter=\count142
\scratchdimen=\dimen129
\scratchbox=\box33
\nofMPsegments=\count143
\nofMParguments=\count144
\everyMPshowfont=\toks33
\MPscratchCnt=\count145
\MPscratchDim=\dimen130
\MPnumerator=\count146
\makeMPintoPDFobject=\count147
\everyMPtoPDFconversion=\toks34
)
\c@lstlisting=\count148
Package caption Info: Begin \AtBeginDocument code.
Package caption Info: End \AtBeginDocument code.
 (W:\privat\sem6\AST3310\Project2\Andreas_Ellewsen_Report2.toc)
\tf@toc=\write3
 [1

{C:/ProgramData/MiKTeX/2.9/pdftex/config/pdftex.map}]

Package Fancyhdr Warning: \headheight is too small (12.0pt): 
 Make it at least 14.49998pt.
 We now make it that large for the rest of the document.
 This may cause the page layout to be inconsistent, however.

[2] ("C:\Program Files (x86)\MiKTeX 2.9\tex\latex\ucs\uni-0.def"
File: uni-0.def 2013/05/13 UCS: Unicode data U+0000..U+00FF
) [3] [4]
[5] [6] [7] [8] [9] [10] <energyproduction.png, id=45, 578.16pt x 433.62pt>
File: energyproduction.png Graphic file (type png)

<use energyproduction.png>
Package pdftex.def Info: energyproduction.png used on input line 415.
(pdftex.def)             Requested size: 390.0pt x 292.4956pt.
 [11]
<energyproduction_frac.png, id=50, 578.16pt x 433.62pt>
File: energyproduction_frac.png Graphic file (type png)

<use energyproduction_frac.png>
Package pdftex.def Info: energyproduction_frac.png used on input line 421.
(pdftex.def)             Requested size: 390.0pt x 292.4956pt.
 [12 <W:/privat/sem6/AST3310/Project2/energyproduction.png>] <energyproduction_
frac_only.png, id=55, 578.16pt x 433.62pt>
File: energyproduction_frac_only.png Graphic file (type png)

<use energyproduction_frac_only.png>
Package pdftex.def Info: energyproduction_frac_only.png used on input line 428.

(pdftex.def)             Requested size: 390.0pt x 292.4956pt.
 [13 <W:/privat/sem6/AST3310/Project2/energyproduction_frac.png>] <energytransp
ort.png, id=61, 578.16pt x 433.62pt>
File: energytransport.png Graphic file (type png)

<use energytransport.png>
Package pdftex.def Info: energytransport.png used on input line 436.
(pdftex.def)             Requested size: 390.0pt x 292.4956pt.
 [14 <W:/privat/sem6/AST3310/Project2/energyproduction_frac_only.png>] <mass.pn
g, id=66, 578.16pt x 433.62pt>
File: mass.png Graphic file (type png)
 <use mass.png>
Package pdftex.def Info: mass.png used on input line 444.
(pdftex.def)             Requested size: 390.0pt x 292.4956pt.
 [15 <W:/privat/sem6/AST3310/Project2/energytransport.png>]
<pressure.png, id=71, 578.16pt x 433.62pt>
File: pressure.png Graphic file (type png)
 <use pressure.png>
Package pdftex.def Info: pressure.png used on input line 453.
(pdftex.def)             Requested size: 390.0pt x 292.4956pt.
 [16 <W:/privat/sem6/AST3310/Project2/mass.png>] <density.png, id=76, 578.16pt 
x 433.62pt>
File: density.png Graphic file (type png)

<use density.png>
Package pdftex.def Info: density.png used on input line 461.
(pdftex.def)             Requested size: 390.0pt x 292.4956pt.
 [17 <W:/privat/sem6/AST3310/Project2/pressure.png>]
<temperature.png, id=81, 578.16pt x 433.62pt>
File: temperature.png Graphic file (type png)
 <use temperature.png>
Package pdftex.def Info: temperature.png used on input line 470.
(pdftex.def)             Requested size: 390.0pt x 292.4956pt.
 [18 <W:/privat/sem6/AST3310/Project2/density.png>] [19 <W:/privat/sem6/AST3310
/Project2/temperature.png>]
Overfull \hbox (48.42522pt too wide) in paragraph at lines 1007--1007
[]\OT1/cmtt/m/n/12 The second term project now involves using Chap.5 to include
 convection[] 
 []


Overfull \hbox (73.12523pt too wide) in paragraph at lines 1007--1007
[]\OT1/cmtt/m/n/12 in your model of a star. In the first term project you model
ed the sun from[] 
 []


Overfull \hbox (97.82524pt too wide) in paragraph at lines 1007--1007
[]\OT1/cmtt/m/n/12 its core to the edge if its radiative zone. Now you can incl
ude the rest of the[] 
 []


Overfull \hbox (54.60022pt too wide) in paragraph at lines 1007--1007
[]\OT1/cmtt/m/n/12 sun by including energy transport through convection. You sh
ould use the[] 
 []


Overfull \hbox (48.42522pt too wide) in paragraph at lines 1007--1007
[]\OT1/cmtt/m/n/12 model you have already done, but now include a check at each
 radius (or[] 
 []


Overfull \hbox (116.35025pt too wide) in paragraph at lines 1007--1007
[]\OT1/cmtt/m/n/12 mass) shell of convective stability. In case the shell is no
t convectively stable,[] 
 []


Overfull \hbox (66.95023pt too wide) in paragraph at lines 1007--1007
[]\OT1/cmtt/m/n/12 you need to use the equation for convective transport instea
d of radiative[] 
 []


Overfull \hbox (73.12523pt too wide) in paragraph at lines 1007--1007
[]\OT1/cmtt/m/n/12 transport. That involves solving Exerc. 5.10, to get the exp
ression for the[] 
 []


Overfull \hbox (48.42522pt too wide) in paragraph at lines 1007--1007
[]\OT1/cmtt/m/n/12 convective flux, and through that get the temperature gradie
nt. You can[] 
 []


Overfull \hbox (60.77522pt too wide) in paragraph at lines 1007--1007
[]\OT1/cmtt/m/n/12 make the same assumptions as in the first term project, for 
instance only[] 
 []


Overfull \hbox (60.77522pt too wide) in paragraph at lines 1007--1007
[]\OT1/cmtt/m/n/12 http://www.uio.no/studier/emner/matnat/astro/AST3310/v15/not
es/exerc2.pdf[] 
 []

[20]
Overfull \hbox (23.7252pt too wide) in paragraph at lines 1007--1007
[]\OT1/cmtt/m/n/12 MeVtoJ  = 1.60217657E-13  #[J] Conversion factor from MeV to
 Joules[] 
 []

[21]
Overfull \hbox (11.3752pt too wide) in paragraph at lines 1007--1007
[]\OT1/cmtt/m/n/12 nabla_ad = 2./5   #Adiabatic gradient for fully ionized idea
l gas[] 
 []


Overfull \hbox (60.77522pt too wide) in paragraph at lines 1007--1007
[]\OT1/cmtt/m/n/12 """In this part the reaction rates of the processes in the P
PI and PPII \[] 
 []


Overfull \hbox (48.42522pt too wide) in paragraph at lines 1007--1007
[]\OT1/cmtt/m/n/12 chain are calculated. I neglect the other processes since I 
choose to \[] 
 []


Overfull \hbox (66.95023pt too wide) in paragraph at lines 1007--1007
[]\OT1/cmtt/m/n/12 look at a star with low temperature at it's core, and in tha
t case those \[] 
 []

[22]
Overfull \hbox (60.77522pt too wide) in paragraph at lines 1007--1007
[]\OT1/cmtt/m/n/12 "These two reactions are not used in this assignment, but ma
y be useful \[] 
 []


Overfull \hbox (42.25021pt too wide) in paragraph at lines 1007--1007
[]\OT1/cmtt/m/n/12 Berylliym_Boron =  3.11E5*T9**(-2./3)*exp(-10.262*T9**(-1./3
))+2.53E3\[] 
 []


Overfull \hbox (29.9002pt too wide) in paragraph at lines 1007--1007
[]\OT1/cmtt/m/n/12 rrs = [H_D,He3_p,He3_Be,Be_Li,Li_p]#,Berylliym_Boron,Nitroge
n_Oxygen[] 
 []


Overfull \hbox (97.82524pt too wide) in paragraph at lines 1007--1007
[]\OT1/cmtt/m/n/12 This segment computes the reactionrates for the different pr
ocesses in the sun.[] 
 []

[23]
Overfull \hbox (36.07521pt too wide) in paragraph at lines 1007--1007
[]\OT1/cmtt/m/n/12 #This part makes sure that reaction rates which rely on othe
r rates \[] 
 []

[24] [25]
Overfull \hbox (42.25021pt too wide) in paragraph at lines 1007--1007
[]\OT1/cmtt/m/n/12 '''This is the part of the program that actually solves the 
equations\[] 
 []

[26]
Overfull \hbox (23.7252pt too wide) in paragraph at lines 1007--1007
[]\OT1/cmtt/m/n/12 while M[i] > 0 and R[i] > 0 and L[i] > 0 and T[i] > 0 and P[
i] > 0:[] 
 []


Overfull \hbox (23.7252pt too wide) in paragraph at lines 1007--1007
[]\OT1/cmtt/m/n/12 g       = G*M[i]/R[i]**2    #Gravitational acceleration at r
adius R[] 
 []


Overfull \hbox (17.5502pt too wide) in paragraph at lines 1007--1007
[]\OT1/cmtt/m/n/12 c_P     = 5./2*P[i]/(rho[i]*T[i]) #Heat capacity constant pr
essure[] 
 []


Overfull \hbox (17.5502pt too wide) in paragraph at lines 1007--1007
[]\OT1/cmtt/m/n/12 U       = 64*sigma*T[i]**3/(3*kappa*rho[i]**2*c_P)*(H_P/g)**
(1./2)[] 
 []

[27] [28]
Overfull \hbox (23.7252pt too wide) in paragraph at lines 1007--1007
[]\OT1/cmtt/m/n/12 Convection_frac.append(F_C[i]/(F_C[i]+F_R[i])) #Convection f
raction[] 
 []


Overfull \hbox (11.3752pt too wide) in paragraph at lines 1007--1007
[]\OT1/cmtt/m/n/12 Radiation_frac.append(F_R[i]/(F_C[i]+F_R[i])) #Radiation fra
ction[] 
 []


Overfull \hbox (54.60022pt too wide) in paragraph at lines 1007--1007
[]\OT1/cmtt/m/n/12 """print 'M = %.3e, R = %.3e, L = %.3e, P = %.3e, T= %.3e, r
ho = %.3e, \[] 
 []


Overfull \hbox (73.12523pt too wide) in paragraph at lines 1007--1007
[]\OT1/cmtt/m/n/12 kappa = %.3e, epsilon = %.3e, dT = %.3e, dr = %.3e, dL = %.3
e, dm = %.3e, \[] 
 []


Overfull \hbox (73.12523pt too wide) in paragraph at lines 1007--1007
[]\OT1/cmtt/m/n/12 dP = %.3e, F_C = %.3e, F_R = %.3e'%(M[i], R[i], L[i], P[i], 
T[i], rho[i], \[] 
 []


Overfull \hbox (36.07521pt too wide) in paragraph at lines 1007--1007
[]\OT1/cmtt/m/n/12 kappa, epsilon[i], dTdr*dr, dr, dLdr*dr, dMdr*dr, dPdr*dr,F_
C,F_R)"""[] 
 []


Overfull \hbox (5.2002pt too wide) in paragraph at lines 1007--1007
[]\OT1/cmtt/m/n/12 #Fraction of the total prodcution for each of the chains wit
hout[] 
 []

[29] [30] [31] [32] [33]
(W:\privat\sem6\AST3310\Project2\Andreas_Ellewsen_Report2.aux) ) 
Here is how much of TeX's memory you used:
 6963 strings out of 493921
 98067 string characters out of 3144868
 195171 words of memory out of 3000000
 10164 multiletter control sequences out of 15000+200000
 10102 words of font info for 37 fonts, out of 3000000 for 9000
 841 hyphenation exceptions out of 8191
 41i,12n,43p,1028b,479s stack positions out of 5000i,500n,10000p,200000b,50000s
<C:/Program Fil
es (x86)/MiKTeX 2.9/fonts/type1/public/amsfonts/cm/cmbx12.pfb><C:/Program Files
 (x86)/MiKTeX 2.9/fonts/type1/public/amsfonts/cm/cmex10.pfb><C:/Program Files (
x86)/MiKTeX 2.9/fonts/type1/public/amsfonts/cm/cmmi12.pfb><C:/Program Files (x8
6)/MiKTeX 2.9/fonts/type1/public/amsfonts/cm/cmmi6.pfb><C:/Program Files (x86)/
MiKTeX 2.9/fonts/type1/public/amsfonts/cm/cmmi8.pfb><C:/Program Files (x86)/MiK
TeX 2.9/fonts/type1/public/amsfonts/cm/cmr10.pfb><C:/Program Files (x86)/MiKTeX
 2.9/fonts/type1/public/amsfonts/cm/cmr12.pfb><C:/Program Files (x86)/MiKTeX 2.
9/fonts/type1/public/amsfonts/cm/cmr17.pfb><C:/Program Files (x86)/MiKTeX 2.9/f
onts/type1/public/amsfonts/cm/cmr6.pfb><C:/Program Files (x86)/MiKTeX 2.9/fonts
/type1/public/amsfonts/cm/cmr8.pfb><C:/Program Files (x86)/MiKTeX 2.9/fonts/typ
e1/public/amsfonts/cm/cmsy10.pfb><C:/Program Files (x86)/MiKTeX 2.9/fonts/type1
/public/amsfonts/cm/cmsy8.pfb><C:/Program Files (x86)/MiKTeX 2.9/fonts/type1/pu
blic/amsfonts/cm/cmtt12.pfb>
Output written on Andreas_Ellewsen_Report2.pdf (33 pages, 438566 bytes).
PDF statistics:
 177 PDF objects out of 1000 (max. 8388607)
 0 named destinations out of 1000 (max. 500000)
 41 words of extra memory for PDF output out of 10000 (max. 10000000)

