This is pdfTeX, Version 3.14159265-2.6-1.40.15 (TeX Live 2014) (preloaded format=pdflatex 2015.1.7)  22 MAR 2015 16:59
entering extended mode
 restricted \write18 enabled.
 %&-line parsing enabled.
**Report1.tex
(./Report1.tex
LaTeX2e <2014/05/01>
Babel <3.9l> and hyphenation patterns for 79 languages loaded.
(/opt/app-sync/texlive/uio-texmf/texmf-dist/tex/latex/base/article.cls
Document Class: article 2014/09/29 v1.4h Standard LaTeX document class
(/opt/app-sync/texlive/uio-texmf/texmf-dist/tex/latex/base/size12.clo
File: size12.clo 2014/09/29 v1.4h Standard LaTeX file (size option)
)
\c@part=\count79
\c@section=\count80
\c@subsection=\count81
\c@subsubsection=\count82
\c@paragraph=\count83
\c@subparagraph=\count84
\c@figure=\count85
\c@table=\count86
\abovecaptionskip=\skip41
\belowcaptionskip=\skip42
\bibindent=\dimen102
)
(/opt/app-sync/texlive/uio-texmf/texmf-dist/tex/latex/base/inputenc.sty
Package: inputenc 2014/04/30 v1.2b Input encoding file
\inpenc@prehook=\toks14
\inpenc@posthook=\toks15

(/opt/app-sync/texlive/uio-texmf/texmf-dist/tex/latex/ucs/utf8x.def
File: utf8x.def 2004/10/17 UCS: Input encoding UTF-8
))
(/opt/app-sync/texlive/uio-texmf/texmf-dist/tex/latex/ucs/ucs.sty
Package: ucs 2013/05/11 v2.2 UCS: Unicode input support

(/opt/app-sync/texlive/uio-texmf/texmf-dist/tex/latex/ucs/data/uni-global.def
File: uni-global.def 2013/05/13 UCS: Unicode global data
)
\uc@secondtry=\count87
\uc@combtoks=\toks16
\uc@combtoksb=\toks17
\uc@temptokena=\toks18
) (/opt/app-sync/texlive/uio-texmf/texmf-dist/tex/latex/wrapfig/wrapfig.sty
\wrapoverhang=\dimen103
\WF@size=\dimen104
\c@WF@wrappedlines=\count88
\WF@box=\box26
\WF@everypar=\toks19
Package: wrapfig 2003/01/31  v 3.6
)
(/opt/app-sync/texlive/uio-texmf/texmf-dist/tex/latex/graphics/graphicx.sty
Package: graphicx 2014/10/28 v1.0g Enhanced LaTeX Graphics (DPC,SPQR)

(/opt/app-sync/texlive/uio-texmf/texmf-dist/tex/latex/graphics/keyval.sty
Package: keyval 2014/10/28 v1.15 key=value parser (DPC)
\KV@toks@=\toks20
)
(/opt/app-sync/texlive/uio-texmf/texmf-dist/tex/latex/graphics/graphics.sty
Package: graphics 2014/10/28 v1.0p Standard LaTeX Graphics (DPC,SPQR)

(/opt/app-sync/texlive/uio-texmf/texmf-dist/tex/latex/graphics/trig.sty
Package: trig 1999/03/16 v1.09 sin cos tan (DPC)
)
(/opt/app-sync/texlive/uio-texmf/texmf-dist/tex/latex/latexconfig/graphics.cfg
File: graphics.cfg 2010/04/23 v1.9 graphics configuration of TeX Live
)
Package graphics Info: Driver file: pdftex.def on input line 91.
(/opt/app-sync/texlive/uio-texmf/texmf-dist/tex/latex/pdftex-def/pdftex.def
File: pdftex.def 2011/05/27 v0.06d Graphics/color for pdfTeX

(/opt/app-sync/texlive/uio-texmf/texmf-dist/tex/generic/oberdiek/infwarerr.sty
Package: infwarerr 2010/04/08 v1.3 Providing info/warning/error messages (HO)
) (/opt/app-sync/texlive/uio-texmf/texmf-dist/tex/generic/oberdiek/ltxcmds.sty
Package: ltxcmds 2011/11/09 v1.22 LaTeX kernel commands for general use (HO)
)
\Gread@gobject=\count89
))
\Gin@req@height=\dimen105
\Gin@req@width=\dimen106
) (/opt/app-sync/texlive/uio-texmf/texmf-dist/tex/latex/float/float.sty
Package: float 2001/11/08 v1.3d Float enhancements (AL)
\c@float@type=\count90
\float@exts=\toks21
\float@box=\box27
\@float@everytoks=\toks22
\@floatcapt=\box28
)
(/opt/app-sync/texlive/uio-texmf/texmf-dist/tex/latex/listings/listings.sty
\lst@mode=\count91
\lst@gtempboxa=\box29
\lst@token=\toks23
\lst@length=\count92
\lst@currlwidth=\dimen107
\lst@column=\count93
\lst@pos=\count94
\lst@lostspace=\dimen108
\lst@width=\dimen109
\lst@newlines=\count95
\lst@lineno=\count96
\lst@maxwidth=\dimen110

(/opt/app-sync/texlive/uio-texmf/texmf-dist/tex/latex/listings/lstmisc.sty
File: lstmisc.sty 2014/09/06 1.5e (Carsten Heinz)
\c@lstnumber=\count97
\lst@skipnumbers=\count98
\lst@framebox=\box30
)
(/opt/app-sync/texlive/uio-texmf/texmf-dist/tex/latex/listings/listings.cfg
File: listings.cfg 2014/09/06 1.5e listings configuration
))
Package: listings 2014/09/06 1.5e (Carsten Heinz)

(/opt/app-sync/texlive/uio-texmf/texmf-dist/tex/latex/amsmath/amsmath.sty
Package: amsmath 2013/01/14 v2.14 AMS math features
\@mathmargin=\skip43

For additional information on amsmath, use the `?' option.
(/opt/app-sync/texlive/uio-texmf/texmf-dist/tex/latex/amsmath/amstext.sty
Package: amstext 2000/06/29 v2.01

(/opt/app-sync/texlive/uio-texmf/texmf-dist/tex/latex/amsmath/amsgen.sty
File: amsgen.sty 1999/11/30 v2.0
\@emptytoks=\toks24
\ex@=\dimen111
))
(/opt/app-sync/texlive/uio-texmf/texmf-dist/tex/latex/amsmath/amsbsy.sty
Package: amsbsy 1999/11/29 v1.2d
\pmbraise@=\dimen112
)
(/opt/app-sync/texlive/uio-texmf/texmf-dist/tex/latex/amsmath/amsopn.sty
Package: amsopn 1999/12/14 v2.01 operator names
)
\inf@bad=\count99
LaTeX Info: Redefining \frac on input line 210.
\uproot@=\count100
\leftroot@=\count101
LaTeX Info: Redefining \overline on input line 306.
\classnum@=\count102
\DOTSCASE@=\count103
LaTeX Info: Redefining \ldots on input line 378.
LaTeX Info: Redefining \dots on input line 381.
LaTeX Info: Redefining \cdots on input line 466.
\Mathstrutbox@=\box31
\strutbox@=\box32
\big@size=\dimen113
LaTeX Font Info:    Redeclaring font encoding OML on input line 566.
LaTeX Font Info:    Redeclaring font encoding OMS on input line 567.
\macc@depth=\count104
\c@MaxMatrixCols=\count105
\dotsspace@=\muskip10
\c@parentequation=\count106
\dspbrk@lvl=\count107
\tag@help=\toks25
\row@=\count108
\column@=\count109
\maxfields@=\count110
\andhelp@=\toks26
\eqnshift@=\dimen114
\alignsep@=\dimen115
\tagshift@=\dimen116
\tagwidth@=\dimen117
\totwidth@=\dimen118
\lineht@=\dimen119
\@envbody=\toks27
\multlinegap=\skip44
\multlinetaggap=\skip45
\mathdisplay@stack=\toks28
LaTeX Info: Redefining \[ on input line 2665.
LaTeX Info: Redefining \] on input line 2666.
)
(/opt/app-sync/texlive/uio-texmf/texmf-dist/tex/latex/caption/caption.sty
Package: caption 2013/05/02 v3.3-89 Customizing captions (AR)

(/opt/app-sync/texlive/uio-texmf/texmf-dist/tex/latex/caption/caption3.sty
Package: caption3 2013/05/02 v1.6-88 caption3 kernel (AR)
Package caption3 Info: TeX engine: e-TeX on input line 57.
\captionmargin=\dimen120
\captionmargin@=\dimen121
\captionwidth=\dimen122
\caption@tempdima=\dimen123
\caption@indent=\dimen124
\caption@parindent=\dimen125
\caption@hangindent=\dimen126
)
\c@ContinuedFloat=\count111
Package caption Info: float package is loaded.
Package caption Info: listings package is loaded.
Package caption Info: wrapfig package is loaded.
)
(/opt/app-sync/texlive/uio-texmf/texmf-dist/tex/latex/caption/subcaption.sty
Package: subcaption 2013/02/03 v1.1-62 Sub-captions (AR)
\c@subfigure=\count112
\c@subtable=\count113
)
(/opt/app-sync/texlive/uio-texmf/texmf-dist/tex/latex/xcolor/xcolor.sty
Package: xcolor 2007/01/21 v2.11 LaTeX color extensions (UK)

(/opt/app-sync/texlive/uio-texmf/texmf-dist/tex/latex/latexconfig/color.cfg
File: color.cfg 2007/01/18 v1.5 color configuration of teTeX/TeXLive
)
Package xcolor Info: Package option `usenames' ignored on input line 216.
Package xcolor Info: Driver file: pdftex.def on input line 225.

(/opt/app-sync/texlive/uio-texmf/texmf-dist/tex/latex/colortbl/colortbl.sty
Package: colortbl 2012/02/13 v1.0a Color table columns (DPC)

(/opt/app-sync/texlive/uio-texmf/texmf-dist/tex/latex/tools/array.sty
Package: array 2014/10/28 v2.4c Tabular extension package (FMi)
\col@sep=\dimen127
\extrarowheight=\dimen128
\NC@list=\toks29
\extratabsurround=\skip46
\backup@length=\skip47
)
\everycr=\toks30
\minrowclearance=\skip48
)
\rownum=\count114
Package xcolor Info: Model `cmy' substituted by `cmy0' on input line 1337.
Package xcolor Info: Model `hsb' substituted by `rgb' on input line 1341.
Package xcolor Info: Model `RGB' extended on input line 1353.
Package xcolor Info: Model `HTML' substituted by `rgb' on input line 1355.
Package xcolor Info: Model `Hsb' substituted by `hsb' on input line 1356.
Package xcolor Info: Model `tHsb' substituted by `hsb' on input line 1357.
Package xcolor Info: Model `HSB' substituted by `hsb' on input line 1358.
Package xcolor Info: Model `Gray' substituted by `gray' on input line 1359.
Package xcolor Info: Model `wave' substituted by `hsb' on input line 1360.

(/opt/app-sync/texlive/uio-texmf/texmf-dist/tex/latex/graphics/dvipsnam.def
File: dvipsnam.def 2014/10/14 v3.0j Driver-dependent file (DPC,SPQR)
)
(/opt/app-sync/texlive/uio-texmf/texmf-dist/tex/latex/xcolor/svgnam.def
File: svgnam.def 2007/01/21 v2.11 Predefined colors according to SVG 1.1 (UK)
))
(/opt/app-sync/texlive/uio-texmf/texmf-dist/tex/latex/datetime/datetime.sty
Package: datetime 2013/09/10 v2.59 Date Time Package

(/opt/app-sync/texlive/uio-texmf/texmf-dist/tex/latex/etoolbox/etoolbox.sty
Package: etoolbox 2011/01/03 v2.1 e-TeX tools for LaTeX

(/opt/app-sync/texlive/uio-texmf/texmf-dist/tex/latex/etex-pkg/etex.sty
Package: etex 1998/03/26 v2.0 eTeX basic definition package (PEB)
\et@xins=\count115
)
\etb@tempcnta=\count116
)
(/opt/app-sync/texlive/uio-texmf/texmf-dist/tex/latex/fmtcount/fmtcount.sty
Package: fmtcount 2014/07/18 v3.00

(/opt/app-sync/texlive/uio-texmf/texmf-dist/tex/latex/base/ifthen.sty
Package: ifthen 2014/09/29 v1.1c Standard LaTeX ifthen package (DPC)
)
(/opt/app-sync/texlive/uio-texmf/texmf-dist/tex/latex/fmtcount/fcprefix.sty
Package: fcprefix 2012/09/28

(/opt/app-sync/texlive/uio-texmf/texmf-dist/tex/latex/fmtcount/fcnumparser.sty
Package: fcnumparser 2012/09/28
\fc@digit@counter=\count117
)) (/opt/app-sync/texlive/uio-texmf/texmf-dist/tex/generic/ifxetex/ifxetex.sty
Package: ifxetex 2010/09/12 v0.6 Provides ifxetex conditional
)
\c@padzeroesN=\count118
\fc@tmpcatcode=\count119
\@DT@modctr=\count120
\@ordinalctr=\count121
\@orgargctr=\count122
\@strctr=\count123
\@tmpstrctr=\count124
\@DT@loopN=\count125
\@DT@X=\count126

(/opt/app-sync/texlive/uio-texmf/texmf-dist/tex/latex/fmtcount/fc-english.def
File: fc-english.def 2013/08/17
))
(/opt/app-sync/texlive/uio-texmf/texmf-dist/tex/latex/datetime/datetime-default
s.sty
Package: datetime-defaults 2013/09/10
)
\@day=\count127
\@month=\count128
\@year=\count129
\c@HOUR=\count130
\c@HOURXII=\count131
\c@MINUTE=\count132
\c@TOHOUR=\count133
\c@TOMINUTE=\count134
\c@SECOND=\count135
\currenthour=\count136
\currentminute=\count137
\currentsecond=\count138
Package datetime Info: No datetime.cfg file found, using default settings on in
put line 308.
\@dtctr=\count139
\dayofyear=\count140
\dayofweek=\count141
LaTeX Info: Redefining \today on input line 736.
\dt@a=\toks31
\dt@b=\toks32
)
(/opt/app-sync/texlive/uio-texmf/texmf-dist/tex/latex/fancyhdr/fancyhdr.sty
\fancy@headwidth=\skip49
\f@ncyO@elh=\skip50
\f@ncyO@erh=\skip51
\f@ncyO@olh=\skip52
\f@ncyO@orh=\skip53
\f@ncyO@elf=\skip54
\f@ncyO@erf=\skip55
\f@ncyO@olf=\skip56
\f@ncyO@orf=\skip57
)
(./Report1.aux)
\openout1 = `Report1.aux'.

LaTeX Font Info:    Checking defaults for OML/cmm/m/it on input line 24.
LaTeX Font Info:    ... okay on input line 24.
LaTeX Font Info:    Checking defaults for T1/cmr/m/n on input line 24.
LaTeX Font Info:    ... okay on input line 24.
LaTeX Font Info:    Checking defaults for OT1/cmr/m/n on input line 24.
LaTeX Font Info:    ... okay on input line 24.
LaTeX Font Info:    Checking defaults for OMS/cmsy/m/n on input line 24.
LaTeX Font Info:    ... okay on input line 24.
LaTeX Font Info:    Checking defaults for OMX/cmex/m/n on input line 24.
LaTeX Font Info:    ... okay on input line 24.
LaTeX Font Info:    Checking defaults for U/cmr/m/n on input line 24.
LaTeX Font Info:    ... okay on input line 24.

(/opt/app-sync/texlive/uio-texmf/texmf-dist/tex/latex/ucs/ucsencs.def
File: ucsencs.def 2011/01/21 Fixes to fontencodings LGR, T3
)
(/opt/app-sync/texlive/uio-texmf/texmf-dist/tex/context/base/supp-pdf.mkii
[Loading MPS to PDF converter (version 2006.09.02).]
\scratchcounter=\count142
\scratchdimen=\dimen129
\scratchbox=\box33
\nofMPsegments=\count143
\nofMParguments=\count144
\everyMPshowfont=\toks33
\MPscratchCnt=\count145
\MPscratchDim=\dimen130
\MPnumerator=\count146
\makeMPintoPDFobject=\count147
\everyMPtoPDFconversion=\toks34
)
(/opt/app-sync/texlive/uio-texmf/texmf-dist/tex/generic/oberdiek/pdftexcmds.sty
Package: pdftexcmds 2011/11/29 v0.20 Utility functions of pdfTeX for LuaTeX (HO
)
(/opt/app-sync/texlive/uio-texmf/texmf-dist/tex/generic/oberdiek/ifluatex.sty
Package: ifluatex 2010/03/01 v1.3 Provides the ifluatex switch (HO)
Package ifluatex Info: LuaTeX not detected.
)
(/opt/app-sync/texlive/uio-texmf/texmf-dist/tex/generic/oberdiek/ifpdf.sty
Package: ifpdf 2011/01/30 v2.3 Provides the ifpdf switch (HO)
Package ifpdf Info: pdfTeX in PDF mode is detected.
)
Package pdftexcmds Info: LuaTeX not detected.
Package pdftexcmds Info: \pdf@primitive is available.
Package pdftexcmds Info: \pdf@ifprimitive is available.
Package pdftexcmds Info: \pdfdraftmode found.
)
(/opt/app-sync/texlive/uio-texmf/texmf-dist/tex/latex/oberdiek/epstopdf-base.st
y
Package: epstopdf-base 2010/02/09 v2.5 Base part for package epstopdf
 (/opt/app-sync/texlive/uio-texmf/texmf-dist/tex/latex/oberdiek/grfext.sty
Package: grfext 2010/08/19 v1.1 Manage graphics extensions (HO)

(/opt/app-sync/texlive/uio-texmf/texmf-dist/tex/generic/oberdiek/kvdefinekeys.s
ty
Package: kvdefinekeys 2011/04/07 v1.3 Define keys (HO)
))
(/opt/app-sync/texlive/uio-texmf/texmf-dist/tex/latex/oberdiek/kvoptions.sty
Package: kvoptions 2011/06/30 v3.11 Key value format for package options (HO)

(/opt/app-sync/texlive/uio-texmf/texmf-dist/tex/generic/oberdiek/kvsetkeys.sty
Package: kvsetkeys 2012/04/25 v1.16 Key value parser (HO)

(/opt/app-sync/texlive/uio-texmf/texmf-dist/tex/generic/oberdiek/etexcmds.sty
Package: etexcmds 2011/02/16 v1.5 Avoid name clashes with e-TeX commands (HO)
Package etexcmds Info: Could not find \expanded.
(etexcmds)             That can mean that you are not using pdfTeX 1.50 or
(etexcmds)             that some package has redefined \expanded.
(etexcmds)             In the latter case, load this package earlier.
)))
Package grfext Info: Graphics extension search list:
(grfext)             [.png,.pdf,.jpg,.mps,.jpeg,.jbig2,.jb2,.PNG,.PDF,.JPG,.JPE
G,.JBIG2,.JB2,.eps]
(grfext)             \AppendGraphicsExtensions on input line 452.

(/opt/app-sync/texlive/uio-texmf/texmf-dist/tex/latex/latexconfig/epstopdf-sys.
cfg
File: epstopdf-sys.cfg 2010/07/13 v1.3 Configuration of (r)epstopdf for TeX Liv
e
))
\c@lstlisting=\count148
Package caption Info: Begin \AtBeginDocument code.
Package caption Info: End \AtBeginDocument code.
 (./Report1.toc)
\tf@toc=\write3
\openout3 = `Report1.toc'.

 [1

{/opt/app-sync/texlive/uio-texmf/texmf-var/fonts/map/pdftex/updmap/pdftex.map}]


Package Fancyhdr Warning: \headheight is too small (12.0pt): 
 Make it at least 14.49998pt.
 We now make it that large for the rest of the document.
 This may cause the page layout to be inconsistent, however.

[2] [3]
(/opt/app-sync/texlive/uio-texmf/texmf-dist/tex/latex/ucs/data/uni-0.def
File: uni-0.def 2013/05/13 UCS: Unicode data U+0000..U+00FF
)
[4] [5]
<Calculate_density/Density_for_rho_p_t_others_constant.png, id=30, 578.16pt x 4
33.62pt>
File: Calculate_density/Density_for_rho_p_t_others_constant.png Graphic file (t
ype png)
 <use Calculate_density/Density_for_rho_p_t_others_constant.png>
Package pdftex.def Info: Calculate_density/Density_for_rho_p_t_others_constant.
png used on input line 198.
(pdftex.def)             Requested size: 191.10214pt x 143.32661pt.

<Calculate_pressure/Density_for_rho_p_t_others_constant.png, id=32, 578.16pt x 
433.62pt>
File: Calculate_pressure/Density_for_rho_p_t_others_constant.png Graphic file (
type png)
 <use Calculate_pressure/Density_for_rho_p_t_others_constant.png>
Package pdftex.def Info: Calculate_pressure/Density_for_rho_p_t_others_constant
.png used on input line 203.
(pdftex.def)             Requested size: 191.10214pt x 143.32661pt.

<Calculate_density/Temperature_for_rho_p_t_others_constant.png, id=33, 578.16pt
 x 433.62pt>
File: Calculate_density/Temperature_for_rho_p_t_others_constant.png Graphic fil
e (type png)

<use Calculate_density/Temperature_for_rho_p_t_others_constant.png>
Package pdftex.def Info: Calculate_density/Temperature_for_rho_p_t_others_const
ant.png used on input line 212.
(pdftex.def)             Requested size: 191.10214pt x 143.32661pt.

<Calculate_pressure/Temperature_for_rho_p_t_others_constant.png, id=34, 578.16p
t x 433.62pt>
File: Calculate_pressure/Temperature_for_rho_p_t_others_constant.png Graphic fi
le (type png)

<use Calculate_pressure/Temperature_for_rho_p_t_others_constant.png>
Package pdftex.def Info: Calculate_pressure/Temperature_for_rho_p_t_others_cons
tant.png used on input line 217.
(pdftex.def)             Requested size: 191.10214pt x 143.32661pt.
 [6 <./Calculate_density/Density_for_rho_p_t_others_constant.png> <./Calculate_
pressure/Density_for_rho_p_t_others_constant.png>]
<Calculate_density/Pressure_for_rho_p_t_others_constant.png, id=40, 578.16pt x 
433.62pt>
File: Calculate_density/Pressure_for_rho_p_t_others_constant.png Graphic file (
type png)
 <use Calculate_density/Pressure_for_rho_p_t_others_constant.png>
Package pdftex.def Info: Calculate_density/Pressure_for_rho_p_t_others_constant
.png used on input line 226.
(pdftex.def)             Requested size: 191.10214pt x 143.32661pt.

<Calculate_pressure/Pressure_for_rho_p_t_others_constant.png, id=41, 578.16pt x
 433.62pt>
File: Calculate_pressure/Pressure_for_rho_p_t_others_constant.png Graphic file 
(type png)
 <use Calculate_pressure/Pressure_for_rho_p_t_others_constant.png>
Package pdftex.def Info: Calculate_pressure/Pressure_for_rho_p_t_others_constan
t.png used on input line 231.
(pdftex.def)             Requested size: 191.10214pt x 143.32661pt.

<Calculate_density/Density_for_rho_p_t_others_constant_Pdiv10.png, id=42, 578.1
6pt x 433.62pt>
File: Calculate_density/Density_for_rho_p_t_others_constant_Pdiv10.png Graphic 
file (type png)

<use Calculate_density/Density_for_rho_p_t_others_constant_Pdiv10.png>
Package pdftex.def Info: Calculate_density/Density_for_rho_p_t_others_constant_
Pdiv10.png used on input line 248.
(pdftex.def)             Requested size: 191.10214pt x 143.32661pt.

<Calculate_density/Density_for_rho_p_t_others_constant_Ptimes10.png, id=43, 578
.16pt x 433.62pt>
File: Calculate_density/Density_for_rho_p_t_others_constant_Ptimes10.png Graphi
c file (type png)

<use Calculate_density/Density_for_rho_p_t_others_constant_Ptimes10.png>
Package pdftex.def Info: Calculate_density/Density_for_rho_p_t_others_constant_
Ptimes10.png used on input line 253.
(pdftex.def)             Requested size: 191.10214pt x 143.32661pt.

<Calculate_pressure/Density_for_rho_p_t_others_constant_Ttimes0_6.png, id=44, 5
78.16pt x 433.62pt>
File: Calculate_pressure/Density_for_rho_p_t_others_constant_Ttimes0_6.png Grap
hic file (type png)

<use Calculate_pressure/Density_for_rho_p_t_others_constant_Ttimes0_6.png>
Package pdftex.def Info: Calculate_pressure/Density_for_rho_p_t_others_constant
_Ttimes0_6.png used on input line 263.
(pdftex.def)             Requested size: 191.10214pt x 143.32661pt.

<Calculate_pressure/Density_for_rho_p_t_others_constant_Ttimes10.png, id=45, 57
8.16pt x 433.62pt>
File: Calculate_pressure/Density_for_rho_p_t_others_constant_Ttimes10.png Graph
ic file (type png)

<use Calculate_pressure/Density_for_rho_p_t_others_constant_Ttimes10.png>
Package pdftex.def Info: Calculate_pressure/Density_for_rho_p_t_others_constant
_Ttimes10.png used on input line 268.
(pdftex.def)             Requested size: 191.10214pt x 143.32661pt.

[7 <./Calculate_density/Temperature_for_rho_p_t_others_constant.png> <./Calcula
te_pressure/Temperature_for_rho_p_t_others_constant.png> <./Calculate_density/P
ressure_for_rho_p_t_others_constant.png> <./Calculate_pressure/Pressure_for_rho
_p_t_others_constant.png>]
<Calculate_density/Density_for_rho_p_t_others_constant_Tdiv2.png, id=54, 578.16
pt x 433.62pt>
File: Calculate_density/Density_for_rho_p_t_others_constant_Tdiv2.png Graphic f
ile (type png)

<use Calculate_density/Density_for_rho_p_t_others_constant_Tdiv2.png>
Package pdftex.def Info: Calculate_density/Density_for_rho_p_t_others_constant_
Tdiv2.png used on input line 278.
(pdftex.def)             Requested size: 191.10214pt x 143.32661pt.

<Calculate_density/Density_for_rho_p_t_others_constant_Ttimes10.png, id=55, 578
.16pt x 433.62pt>
File: Calculate_density/Density_for_rho_p_t_others_constant_Ttimes10.png Graphi
c file (type png)

<use Calculate_density/Density_for_rho_p_t_others_constant_Ttimes10.png>
Package pdftex.def Info: Calculate_density/Density_for_rho_p_t_others_constant_
Ttimes10.png used on input line 283.
(pdftex.def)             Requested size: 191.10214pt x 143.32661pt.

[8 <./Calculate_density/Density_for_rho_p_t_others_constant_Pdiv10.png> <./Calc
ulate_density/Density_for_rho_p_t_others_constant_Ptimes10.png> <./Calculate_pr
essure/Density_for_rho_p_t_others_constant_Ttimes0_6.png> <./Calculate_pressure
/Density_for_rho_p_t_others_constant_Ttimes10.png>]
<Calculate_density/Density_for_rho_p_t_others_constant_Ttimes100.png, id=64, 57
8.16pt x 433.62pt>
File: Calculate_density/Density_for_rho_p_t_others_constant_Ttimes100.png Graph
ic file (type png)

<use Calculate_density/Density_for_rho_p_t_others_constant_Ttimes100.png>
Package pdftex.def Info: Calculate_density/Density_for_rho_p_t_others_constant_
Ttimes100.png used on input line 297.
(pdftex.def)             Requested size: 191.10214pt x 143.32661pt.

<Calculate_pressure/Density_for_rho_p_t_others_constant_Ttimes100.png, id=65, 5
78.16pt x 433.62pt>
File: Calculate_pressure/Density_for_rho_p_t_others_constant_Ttimes100.png Grap
hic file (type png)

<use Calculate_pressure/Density_for_rho_p_t_others_constant_Ttimes100.png>
Package pdftex.def Info: Calculate_pressure/Density_for_rho_p_t_others_constant
_Ttimes100.png used on input line 302.
(pdftex.def)             Requested size: 191.10214pt x 143.32661pt.

[9 <./Calculate_density/Density_for_rho_p_t_others_constant_Tdiv2.png> <./Calcu
late_density/Density_for_rho_p_t_others_constant_Ttimes10.png> <./Calculate_den
sity/Density_for_rho_p_t_others_constant_Ttimes100.png> <./Calculate_pressure/D
ensity_for_rho_p_t_others_constant_Ttimes100.png>]
<Calculate_density/Temperature_for_rho_p_t_others_constant_Ttimes10.png, id=73,
 578.16pt x 433.62pt>
File: Calculate_density/Temperature_for_rho_p_t_others_constant_Ttimes10.png Gr
aphic file (type png)

<use Calculate_density/Temperature_for_rho_p_t_others_constant_Ttimes10.png>
Package pdftex.def Info: Calculate_density/Temperature_for_rho_p_t_others_const
ant_Ttimes10.png used on input line 324.
(pdftex.def)             Requested size: 191.10214pt x 143.32661pt.

<Calculate_density/Temperature_for_rho_p_t_others_constant_Ttimes100.png, id=74
, 578.16pt x 433.62pt>
File: Calculate_density/Temperature_for_rho_p_t_others_constant_Ttimes100.png G
raphic file (type png)

<use Calculate_density/Temperature_for_rho_p_t_others_constant_Ttimes100.png>
Package pdftex.def Info: Calculate_density/Temperature_for_rho_p_t_others_const
ant_Ttimes100.png used on input line 329.
(pdftex.def)             Requested size: 191.10214pt x 143.32661pt.

[10 <./Calculate_density/Temperature_for_rho_p_t_others_constant_Ttimes10.png> 
<./Calculate_density/Temperature_for_rho_p_t_others_constant_Ttimes100.png>]
<Radius_to_zero/fixP_rho1e3.png, id=80, 578.16pt x 433.62pt>
File: Radius_to_zero/fixP_rho1e3.png Graphic file (type png)

<use Radius_to_zero/fixP_rho1e3.png>
Package pdftex.def Info: Radius_to_zero/fixP_rho1e3.png used on input line 356.

(pdftex.def)             Requested size: 390.0pt x 292.4956pt.
 [11 <./Radius_to_zero/fixP_rho1e3.png>]
[12]
Overfull \hbox (54.60022pt too wide) in paragraph at lines 815--815
[]\OT1/cmtt/m/n/12 The first term project involves modeling the central parts o
f the sun by[] 
 []


Overfull \hbox (54.60022pt too wide) in paragraph at lines 815--815
[]\OT1/cmtt/m/n/12 writing a computer program to solve the governing equations.
 The project[] 
 []


Overfull \hbox (66.95023pt too wide) in paragraph at lines 815--815
[]\OT1/cmtt/m/n/12 http://www.uio.no/studier/emner/matnat/astro/AST3310/v15/not
es/term1v1.pdf[] 
 []


Overfull \hbox (23.7252pt too wide) in paragraph at lines 815--815
[]\OT1/cmtt/m/n/12 MeVtoJ  = 1.60217657E-13  #[J] Conversion factor from MeV to
 Joules[] 
 []

[13]
Overfull \hbox (60.77522pt too wide) in paragraph at lines 815--815
[]\OT1/cmtt/m/n/12 """In this part the reaction rates of the processes in the P
PI and PPII \[] 
 []


Overfull \hbox (48.42522pt too wide) in paragraph at lines 815--815
[]\OT1/cmtt/m/n/12 chain are calculated. I neglect the other processes since I 
choose to \[] 
 []


Overfull \hbox (66.95023pt too wide) in paragraph at lines 815--815
[]\OT1/cmtt/m/n/12 look at a star with low temperature at it's core, and in tha
t case those \[] 
 []


Overfull \hbox (11.3752pt too wide) in paragraph at lines 815--815
[]                     \OT1/cmtt/m/n/12 .123*T9**(1./3) + 1.09*T9**(2./3) + .93
8*T9)[] 
 []

[14]
Overfull \hbox (17.5502pt too wide) in paragraph at lines 815--815
[]                     \OT1/cmtt/m/n/12 .034*T9**(1./3) - .522*T9**(2./3)-.124*
T9 + \[] 
 []


Overfull \hbox (66.95023pt too wide) in paragraph at lines 815--815
[]                     \OT1/cmtt/m/n/12 3.86*T9**(2./3) +  .0027*T9**-1*exp(2.5
15E-3*T9**-1))[] 
 []


Overfull \hbox (42.25021pt too wide) in paragraph at lines 815--815
[]                     \OT1/cmtt/m/n/12 4.830E8*T9_star2**(5./6)*T9**(-3./2)*ex
p(-8.472*\[] 
 []


Overfull \hbox (60.77522pt too wide) in paragraph at lines 815--815
[]\OT1/cmtt/m/n/12 "These two reactions are not used in this assignment, but ma
y be useful \[] 
 []


Overfull \hbox (42.25021pt too wide) in paragraph at lines 815--815
[]\OT1/cmtt/m/n/12 Berylliym_Boron =  3.11E5*T9**(-2./3)*exp(-10.262*T9**(-1./3
))+2.53E3\[] 
 []


Overfull \hbox (54.60022pt too wide) in paragraph at lines 815--815
[]                         \OT1/cmtt/m/n/12 .092*T9**2)*(1+.027*T9**(1./3)-.778
*T9**(2./3)\[] 
 []


Overfull \hbox (42.25021pt too wide) in paragraph at lines 815--815
[]                         \OT1/cmtt/m/n/12 -.149*T9+.261*T9**(4./3)+.127*T9**(
5./3)) + \[] 
 []


Overfull \hbox (11.3752pt too wide) in paragraph at lines 815--815
[]                         \OT1/cmtt/m/n/12 2.37E3*T9**(2./3)*exp(-3.011*T9**-1
) + \[] 
 []


Overfull \hbox (29.9002pt too wide) in paragraph at lines 815--815
[]\OT1/cmtt/m/n/12 rrs = [H_D,He3_p,He3_Be,Be_Li,Li_p]#,Berylliym_Boron,Nitroge
n_Oxygen[] 
 []


Overfull \hbox (23.7252pt too wide) in paragraph at lines 815--815
[]\OT1/cmtt/m/n/12 """This segement takes care of the time evolution of the rea
ctions.[] 
 []


Overfull \hbox (17.5502pt too wide) in paragraph at lines 815--815
[]\OT1/cmtt/m/n/12 By doing this we hope to reach some kind of equilibrium over
 time,[] 
 []


Overfull \hbox (42.25021pt too wide) in paragraph at lines 815--815
[]\OT1/cmtt/m/n/12 This is achieved remarkably fast, as can be seen in the choi
ce of Time[] 
 []

[15]
Overfull \hbox (66.95023pt too wide) in paragraph at lines 815--815
[]\OT1/cmtt/m/n/12 #lambda_71  = Berylliym_Boron/N_A*1E-6 #[m^3/s]#Not used in 
this assigment[] 
 []


Overfull \hbox (66.95023pt too wide) in paragraph at lines 815--815
[]\OT1/cmtt/m/n/12 #lambda_p14 = Nitrogen_Oxygen/N_A*1E-6 #[m^3/s]#Not used in 
this assigment[] 
 []


Overfull \hbox (36.07521pt too wide) in paragraph at lines 815--815
[]\OT1/cmtt/m/n/12 #This part makes sure that reaction rates which rely on othe
r rates \[] 
 []

[16]
Overfull \hbox (36.07521pt too wide) in paragraph at lines 815--815
[]\OT1/cmtt/m/n/12 """This part updates the number of Hydrogen atoms and Helium
 4 atoms.[] 
 []


Overfull \hbox (29.9002pt too wide) in paragraph at lines 815--815
[]\OT1/cmtt/m/n/12 We choose to neglect updating the rest of the elements since
 there \[] 
 []


Overfull \hbox (17.5502pt too wide) in paragraph at lines 815--815
[]\OT1/cmtt/m/n/12 d_npdt   = -n[2]**2.*lambda_pp  - n[1]*n[2]*lambda_pd + n[3]
**2.*\[] 
 []


Overfull \hbox (23.7252pt too wide) in paragraph at lines 815--815
[]\OT1/cmtt/m/n/12 d_nHe4dt = (n[3]**2.)/2.*lambda_33 - n[3]*n[4]*lambda_34 + 2
.*n[5]\[] 
 []

[17]
Overfull \hbox (29.9002pt too wide) in paragraph at lines 815--815
[]\OT1/cmtt/m/n/12 #rho = (m_u*mu)/(k*T)*(P - (a*T**4)/3.) #Includes radiation 
pressure[] 
 []

[18] [19]
Overfull \hbox (23.7252pt too wide) in paragraph at lines 815--815
[]\OT1/cmtt/m/n/12 while M[i] > 0 and R[i] > 0 and L[i] > 0 and T[i] > 0 and P[
i] > 0:[] 
 []

[20]
Overfull \hbox (54.60022pt too wide) in paragraph at lines 815--815
[]    \OT1/cmtt/m/n/12 drhodm     = (mu*m_u)/(k*T[i])*dPdm - (P[i]*mu*m_u)/(k*T
[i]**2)*dTdm[] 
 []


Overfull \hbox (60.77522pt too wide) in paragraph at lines 815--815
[]    \OT1/cmtt/m/n/12 dm  =   -min(abs(dmr),abs(dmP),abs(dmL),abs(dmT),abs(dmr
ho),abs(dmM))[] 
 []


Overfull \hbox (60.77522pt too wide) in paragraph at lines 815--815
[]    \OT1/cmtt/m/n/12 print 'M = %.3e, R = %.3e, L = %.3e, P = %.3e, T= %.3e, 
rho = %.3e, \[] 
 []


Overfull \hbox (73.12523pt too wide) in paragraph at lines 815--815
[]\OT1/cmtt/m/n/12 kappa = %.3e, epsilon = %.3e, dT = %.3e, dr = %.3e, dL = %.3
e, dm = %.3e, \[] 
 []


Overfull \hbox (48.42522pt too wide) in paragraph at lines 815--815
[]\OT1/cmtt/m/n/12 dP = %.3e, drho = %.3e'%(M[i], R[i], L[i], P[i], T[i], rho[i
], kappa, \[] 
 []


Overfull \hbox (5.2002pt too wide) in paragraph at lines 815--815
[]    \OT1/cmtt/m/n/12 #Print  information about which variable went to zero fi
rst.[] 
 []

[21] [22] [23] (./Report1.aux) ) 
Here is how much of TeX's memory you used:
 7395 strings out of 493109
 110897 string characters out of 6122467
 204770 words of memory out of 5000000
 10726 multiletter control sequences out of 15000+600000
 11242 words of font info for 41 fonts, out of 8000000 for 9000
 1141 hyphenation exceptions out of 8191
 41i,12n,43p,1010b,488s stack positions out of 5000i,500n,10000p,200000b,80000s
</opt/app-sync/texlive/uio-texmf/texmf-dist/fon
ts/type1/public/amsfonts/cm/cmbx12.pfb></opt/app-sync/texlive/uio-texmf/texmf-d
ist/fonts/type1/public/amsfonts/cm/cmex10.pfb></opt/app-sync/texlive/uio-texmf/
texmf-dist/fonts/type1/public/amsfonts/cm/cmmi10.pfb></opt/app-sync/texlive/uio
-texmf/texmf-dist/fonts/type1/public/amsfonts/cm/cmmi12.pfb></opt/app-sync/texl
ive/uio-texmf/texmf-dist/fonts/type1/public/amsfonts/cm/cmmi6.pfb></opt/app-syn
c/texlive/uio-texmf/texmf-dist/fonts/type1/public/amsfonts/cm/cmmi8.pfb></opt/a
pp-sync/texlive/uio-texmf/texmf-dist/fonts/type1/public/amsfonts/cm/cmr10.pfb><
/opt/app-sync/texlive/uio-texmf/texmf-dist/fonts/type1/public/amsfonts/cm/cmr12
.pfb></opt/app-sync/texlive/uio-texmf/texmf-dist/fonts/type1/public/amsfonts/cm
/cmr17.pfb></opt/app-sync/texlive/uio-texmf/texmf-dist/fonts/type1/public/amsfo
nts/cm/cmr6.pfb></opt/app-sync/texlive/uio-texmf/texmf-dist/fonts/type1/public/
amsfonts/cm/cmr8.pfb></opt/app-sync/texlive/uio-texmf/texmf-dist/fonts/type1/pu
blic/amsfonts/cm/cmsy10.pfb></opt/app-sync/texlive/uio-texmf/texmf-dist/fonts/t
ype1/public/amsfonts/cm/cmsy8.pfb></opt/app-sync/texlive/uio-texmf/texmf-dist/f
onts/type1/public/amsfonts/cm/cmtt12.pfb>
Output written on Report1.pdf (23 pages, 725105 bytes).
PDF statistics:
 169 PDF objects out of 1000 (max. 8388607)
 95 compressed objects within 1 object stream
 0 named destinations out of 1000 (max. 500000)
 86 words of extra memory for PDF output out of 10000 (max. 10000000)

